mode: set
 hery-ciaputra/exercise-go-parking-lot/parking/attendant.go:9.48,11.2 1 1
 hery-ciaputra/exercise-go-parking-lot/parking/attendant.go:13.43,16.37 2 1
 hery-ciaputra/exercise-go-parking-lot/parking/attendant.go:21.2,21.30 1 1
 hery-ciaputra/exercise-go-parking-lot/parking/attendant.go:16.37,17.15 1 1
 hery-ciaputra/exercise-go-parking-lot/parking/attendant.go:17.15,19.4 1 1
 hery-ciaputra/exercise-go-parking-lot/parking/attendant.go:24.43,30.27 4 1
 hery-ciaputra/exercise-go-parking-lot/parking/attendant.go:34.2,34.15 1 1
 hery-ciaputra/exercise-go-parking-lot/parking/attendant.go:30.27,33.3 2 1
 hery-ciaputra/exercise-go-parking-lot/parking/attendant.go:37.53,38.30 1 1
 hery-ciaputra/exercise-go-parking-lot/parking/attendant.go:42.2,42.61 1 1
 hery-ciaputra/exercise-go-parking-lot/parking/attendant.go:38.30,40.3 1 1
 hery-ciaputra/exercise-go-parking-lot/parking/attendant.go:45.58,46.36 1 1
 hery-ciaputra/exercise-go-parking-lot/parking/attendant.go:51.2,51.31 1 1
 hery-ciaputra/exercise-go-parking-lot/parking/attendant.go:46.36,47.35 1 1
 hery-ciaputra/exercise-go-parking-lot/parking/attendant.go:47.35,49.4 1 1
 hery-ciaputra/exercise-go-parking-lot/parking/attendant.go:54.49,56.2 1 1
 hery-ciaputra/exercise-go-parking-lot/parking/parking_lot.go:33.39,35.2 1 1
 hery-ciaputra/exercise-go-parking-lot/parking/parking_lot.go:37.41,39.2 1 1
 hery-ciaputra/exercise-go-parking-lot/parking/parking_lot.go:41.41,43.2 1 0
 hery-ciaputra/exercise-go-parking-lot/parking/parking_lot.go:45.42,47.2 1 1
 hery-ciaputra/exercise-go-parking-lot/parking/parking_lot.go:49.65,51.2 1 1
 hery-ciaputra/exercise-go-parking-lot/parking/parking_lot.go:53.75,55.2 1 1
 hery-ciaputra/exercise-go-parking-lot/parking/parking_lot.go:57.35,59.2 1 1
 hery-ciaputra/exercise-go-parking-lot/parking/parking_lot.go:61.39,62.28 1 1
 hery-ciaputra/exercise-go-parking-lot/parking/parking_lot.go:67.2,67.14 1 1
 hery-ciaputra/exercise-go-parking-lot/parking/parking_lot.go:62.28,63.17 1 1
 hery-ciaputra/exercise-go-parking-lot/parking/parking_lot.go:63.17,65.4 1 1
 hery-ciaputra/exercise-go-parking-lot/parking/parking_lot.go:70.47,71.21 1 1
 hery-ciaputra/exercise-go-parking-lot/parking/parking_lot.go:75.2,75.23 1 1
 hery-ciaputra/exercise-go-parking-lot/parking/parking_lot.go:71.21,73.3 1 1
 hery-ciaputra/exercise-go-parking-lot/parking/parking_lot.go:75.23,77.3 1 1
 hery-ciaputra/exercise-go-parking-lot/parking/parking_lot.go:77.8,82.24 3 1
 hery-ciaputra/exercise-go-parking-lot/parking/parking_lot.go:88.3,88.21 1 1
 hery-ciaputra/exercise-go-parking-lot/parking/parking_lot.go:82.24,83.48 1 1
 hery-ciaputra/exercise-go-parking-lot/parking/parking_lot.go:83.48,85.5 1 1
 hery-ciaputra/exercise-go-parking-lot/parking/parking_lot.go:92.52,93.34 1 1
 hery-ciaputra/exercise-go-parking-lot/parking/parking_lot.go:93.34,96.23 2 1
 hery-ciaputra/exercise-go-parking-lot/parking/parking_lot.go:102.3,102.18 1 1
 hery-ciaputra/exercise-go-parking-lot/parking/parking_lot.go:96.23,97.53 1 1
 hery-ciaputra/exercise-go-parking-lot/parking/parking_lot.go:97.53,99.5 1 1
 hery-ciaputra/exercise-go-parking-lot/parking/parking_lot.go:103.8,105.3 1 1
 hery-ciaputra/exercise-go-parking-lot/parking/styleChange.go:13.62,15.2 1 1
 hery-ciaputra/exercise-go-parking-lot/parking/styleChange.go:17.53,21.27 3 1
 hery-ciaputra/exercise-go-parking-lot/parking/styleChange.go:27.2,27.32 1 1
 hery-ciaputra/exercise-go-parking-lot/parking/styleChange.go:21.27,22.38 1 1
 hery-ciaputra/exercise-go-parking-lot/parking/styleChange.go:22.38,25.4 2 1
 hery-ciaputra/exercise-go-parking-lot/parking/styleChange.go:30.54,34.27 3 1
 hery-ciaputra/exercise-go-parking-lot/parking/styleChange.go:40.2,40.33 1 1
 hery-ciaputra/exercise-go-parking-lot/parking/styleChange.go:34.27,35.52 1 1
 hery-ciaputra/exercise-go-parking-lot/parking/styleChange.go:35.52,38.4 2 1
